2012TurboTaxReturn.pdf
2012TurboTaxReturn.pdf
HDFC_5417216_1335731559727.pdf
HDFC_5417216_1335731559727.pdf
HDFC_5417216_1335731720755.pdf
HDFC_5417216_1335731720755.pdf
JaiIndiaTreatment.pdf
JaiIndiaTreatment.pdf
medical_claim_form_gc-7.pdf
medical_claim_form_gc-7.pdf
Parkridgeeast_05132011.pdf
Parkridgeeast_05132011.pdf
Passport Aarti Singh.pdf
Passport Aarti Singh.pdf
PLAZARADIO_80R69226_05132011.pdf
PLAZARADIO_80R69226_05132011.pdf
Hints how to complete Business Necessity and Sponsoring Sections.doc
Hints how to complete Business Necessity and Sponsoring Sections.doc
2012TurboTaxReturn.pdf Deleted
2012TurboTaxReturn.pdf Deleted
HDFC_5417216_1335731559727.pdf Deleted
HDFC_5417216_1335731559727.pdf Deleted
HDFC_5417216_1335731720755.pdf Deleted
HDFC_5417216_1335731720755.pdf Deleted
JaiIndiaTreatment.pdf Deleted
JaiIndiaTreatment.pdf Deleted
medical_claim_form_gc-7.pdf Deleted
medical_claim_form_gc-7.pdf Deleted
Parkridgeeast_05132011.pdf Deleted
Parkridgeeast_05132011.pdf Delet